Build started 2013/4/9 0:49:25.
     1>Project "F:\Coder\C++\WorkStation\raytracing\raytracing\raytracing.vcxproj" on node 2 (build target(s)).
     1>InitializeBuildStatus:
         Creating "Debug\raytracing.unsuccessfulbuild" because "AlwaysCreate" was specified.
       ClCompile:
         C:\Program Files (x86)\Microsoft Visual Studio 10.0\VC\bin\CL.exe /c /ZI /nologo /W3 /WX- /Od /Oy- /D WIN32 /D _DEBUG /D _CONSOLE /D _UNICODE /D UNICODE /Gm /EHsc /RTC1 /MDd /GS /fp:precise /Zc:wchar_t /Zc:forScope /Fo"Debug\\" /Fd"Debug\vc100.pdb" /Gd /TP /analyze- /errorReport:prompt RayTracer.cpp main.cpp
         main.cpp
     1>f:\coder\c++\workstation\raytracing\raytracing\main.cpp(138): warning C4482: nonstandard extension used: enum '_LIGHTMODEL' used in qualified name
     1>f:\coder\c++\workstation\raytracing\raytracing\main.cpp(139): warning C4482: nonstandard extension used: enum '_SHADEMODEL' used in qualified name
         RayTracer.cpp
         Generating Code...
       ManifestResourceCompile:
         All outputs are up-to-date.
       Link:
         C:\Program Files (x86)\Microsoft Visual Studio 10.0\VC\bin\link.exe /ERRORREPORT:PROMPT /OUT:"F:\Coder\C++\WorkStation\raytracing\Debug\raytracing.exe" /INCREMENTAL /NOLOGO kernel32.lib user32.lib gdi32.lib winspool.lib comdlg32.lib advapi32.lib shell32.lib ole32.lib oleaut32.lib uuid.lib odbc32.lib odbccp32.lib /MANIFEST /ManifestFile:"Debug\raytracing.exe.intermediate.manifest" /MANIFESTUAC:"level='asInvoker' uiAccess='false'" /DEBUG /PDB:"F:\Coder\C++\WorkStation\raytracing\Debug\raytracing.pdb" /SUBSYSTEM:CONSOLE /TLBID:1 /DYNAMICBASE /NXCOMPAT /IMPLIB:"F:\Coder\C++\WorkStation\raytracing\Debug\raytracing.lib" /MACHINE:X86 Debug\raytracing.exe.embed.manifest.res
         Debug\Color3.obj
         Debug\Geometry.obj
         Debug\KdTree.obj
         Debug\LightShadeModel.obj
         Debug\LightSource.obj
         Debug\main.obj
         Debug\Material.obj
         Debug\Mesh.obj
         Debug\Model.obj
         Debug\RayTracer.obj
         Debug\Scene.obj
       Manifest:
         C:\Program Files (x86)\Microsoft SDKs\Windows\v7.0A\bin\mt.exe /nologo /verbose /out:"Debug\raytracing.exe.embed.manifest" /manifest Debug\raytracing.exe.intermediate.manifest
         All outputs are up-to-date.
       LinkEmbedManifest:
         All outputs are up-to-date.
         raytracing.vcxproj -> F:\Coder\C++\WorkStation\raytracing\Debug\raytracing.exe
       FinalizeBuildStatus:
         Deleting file "Debug\raytracing.unsuccessfulbuild".
         Touching "Debug\raytracing.lastbuildstate".
     1>Done Building Project "F:\Coder\C++\WorkStation\raytracing\raytracing\raytracing.vcxproj" (build target(s)).

Build succeeded.

Time Elapsed 00:00:04.38
