F:\CODER\C++\WORKSTATION\RAYTRACING\DEBUG\RAYTRACING.EXE
F:\CODER\C++\WORKSTATION\RAYTRACING\DEBUG\RAYTRACING.ILK
F:\CODER\C++\WORKSTATION\RAYTRACING\DEBUG\RAYTRACING.PDB
F:\Coder\C++\WorkStation\raytracing\raytracing\Debug\cl.command.1.tlog
F:\Coder\C++\WorkStation\raytracing\raytracing\Debug\CL.read.1.tlog
F:\Coder\C++\WorkStation\raytracing\raytracing\Debug\CL.write.1.tlog
F:\CODER\C++\WORKSTATION\RAYTRACING\RAYTRACING\DEBUG\COLOR3.OBJ
F:\CODER\C++\WORKSTATION\RAYTRACING\RAYTRACING\DEBUG\GEOMETRY.OBJ
F:\CODER\C++\WORKSTATION\RAYTRACING\RAYTRACING\DEBUG\KDTREE.OBJ
F:\CODER\C++\WORKSTATION\RAYTRACING\RAYTRACING\DEBUG\LIGHTSHADEMODEL.OBJ
F:\CODER\C++\WORKSTATION\RAYTRACING\RAYTRACING\DEBUG\LIGHTSOURCE.OBJ
F:\Coder\C++\WorkStation\raytracing\raytracing\Debug\link.command.1.tlog
F:\Coder\C++\WorkStation\raytracing\raytracing\Debug\link.read.1.tlog
F:\Coder\C++\WorkStation\raytracing\raytracing\Debug\link.write.1.tlog
F:\Coder\C++\WorkStation\raytracing\raytracing\Debug\link-cvtres.read.1.tlog
F:\Coder\C++\WorkStation\raytracing\raytracing\Debug\link-cvtres.write.1.tlog
F:\CODER\C++\WORKSTATION\RAYTRACING\RAYTRACING\DEBUG\MAIN.OBJ
F:\CODER\C++\WORKSTATION\RAYTRACING\RAYTRACING\DEBUG\MATERIAL.OBJ
F:\CODER\C++\WORKSTATION\RAYTRACING\RAYTRACING\DEBUG\MESH.OBJ
F:\CODER\C++\WORKSTATION\RAYTRACING\RAYTRACING\DEBUG\MODEL.OBJ
F:\Coder\C++\WorkStation\raytracing\raytracing\Debug\mt.command.1.tlog
F:\Coder\C++\WorkStation\raytracing\raytracing\Debug\mt.read.1.tlog
F:\Coder\C++\WorkStation\raytracing\raytracing\Debug\mt.write.1.tlog
F:\CODER\C++\WORKSTATION\RAYTRACING\RAYTRACING\DEBUG\RAYTRACER.OBJ
F:\Coder\C++\WorkStation\raytracing\raytracing\Debug\raytracing.exe.embed.manifest
F:\CODER\C++\WORKSTATION\RAYTRACING\RAYTRACING\DEBUG\RAYTRACING.EXE.EMBED.MANIFEST.RES
F:\CODER\C++\WORKSTATION\RAYTRACING\RAYTRACING\DEBUG\RAYTRACING.EXE.INTERMEDIATE.MANIFEST
F:\Coder\C++\WorkStation\raytracing\raytracing\Debug\raytracing_manifest.rc
F:\Coder\C++\WorkStation\raytracing\raytracing\Debug\rc.command.1.tlog
F:\Coder\C++\WorkStation\raytracing\raytracing\Debug\rc.read.1.tlog
F:\Coder\C++\WorkStation\raytracing\raytracing\Debug\rc.write.1.tlog
F:\CODER\C++\WORKSTATION\RAYTRACING\RAYTRACING\DEBUG\SCENE.OBJ
F:\Coder\C++\WorkStation\raytracing\raytracing\Debug\vc100.idb
F:\CODER\C++\WORKSTATION\RAYTRACING\RAYTRACING\DEBUG\VC100.PDB
F:\Coder\C++\WorkStation\raytracing\raytracing\Debug\vc90.idb
F:\Coder\C++\WorkStation\raytracing\raytracing\Debug\vc90.pdb
