F:\Coder\C++\WorkStation\raytracing\raytracing\Release\cl.command.1.tlog
F:\Coder\C++\WorkStation\raytracing\raytracing\Release\CL.read.1.tlog
F:\Coder\C++\WorkStation\raytracing\raytracing\Release\CL.write.1.tlog
F:\CODER\C++\WORKSTATION\RAYTRACING\RAYTRACING\RELEASE\COLOR3.OBJ
F:\CODER\C++\WORKSTATION\RAYTRACING\RAYTRACING\RELEASE\GEOMETRY.OBJ
F:\CODER\C++\WORKSTATION\RAYTRACING\RAYTRACING\RELEASE\KDTREE.OBJ
F:\CODER\C++\WORKSTATION\RAYTRACING\RAYTRACING\RELEASE\LIGHTSHADEMODEL.OBJ
F:\CODER\C++\WORKSTATION\RAYTRACING\RAYTRACING\RELEASE\LIGHTSOURCE.OBJ
F:\Coder\C++\WorkStation\raytracing\raytracing\Release\link.command.1.tlog
F:\Coder\C++\WorkStation\raytracing\raytracing\Release\link.read.1.tlog
F:\Coder\C++\WorkStation\raytracing\raytracing\Release\link.write.1.tlog
F:\CODER\C++\WORKSTATION\RAYTRACING\RAYTRACING\RELEASE\MAIN.OBJ
F:\CODER\C++\WORKSTATION\RAYTRACING\RAYTRACING\RELEASE\MATERIAL.OBJ
F:\CODER\C++\WORKSTATION\RAYTRACING\RAYTRACING\RELEASE\MESH.OBJ
F:\CODER\C++\WORKSTATION\RAYTRACING\RAYTRACING\RELEASE\MODEL.OBJ
F:\Coder\C++\WorkStation\raytracing\raytracing\Release\mt.command.1.tlog
F:\Coder\C++\WorkStation\raytracing\raytracing\Release\mt.read.1.tlog
F:\Coder\C++\WorkStation\raytracing\raytracing\Release\mt.write.1.tlog
F:\CODER\C++\WORKSTATION\RAYTRACING\RAYTRACING\RELEASE\RAYTRACER.OBJ
F:\CODER\C++\WORKSTATION\RAYTRACING\RAYTRACING\RELEASE\RAYTRACING.EXE.INTERMEDIATE.MANIFEST
F:\CODER\C++\WORKSTATION\RAYTRACING\RAYTRACING\RELEASE\SCENE.OBJ
F:\CODER\C++\WORKSTATION\RAYTRACING\RAYTRACING\RELEASE\VC100.PDB
F:\CODER\C++\WORKSTATION\RAYTRACING\RELEASE\RAYTRACING.EXE
F:\CODER\C++\WORKSTATION\RAYTRACING\RELEASE\RAYTRACING.PDB
